{"numTotalTestSuites":18,"numPassedTestSuites":18,"numFailedTestSuites":0,"numPendingTestSuites":0,"numTotalTests":24,"numPassedTests":24,"numFailedTests":0,"numPendingTests":0,"numTodoTests":0,"startTime":1773393482375,"success":true,"testResults":[{"assertionResults":[{"ancestorTitles":["","Health Check API"],"fullName":" Health Check API should return health status","status":"passed","title":"should return health status","duration":13,"failureMessages":[]}],"startTime":1773393484339,"endTime":1773393484352,"status":"passed","message":"","name":"C:/Users/ckx/Documents/lesson-scheduler/backend/tests/health.test.js"},{"assertionResults":[{"ancestorTitles":["","Intake API","POST /api/intakes"],"fullName":" Intake API POST /api/intakes should create a new intake","status":"passed","title":"should create a new intake","duration":78,"failureMessages":[]},{"ancestorTitles":["","Intake API","POST /api/intakes"],"fullName":" Intake API POST /api/intakes should create intake with lesson plan reference","status":"passed","title":"should create intake with lesson plan reference","duration":51,"failureMessages":[]},{"ancestorTitles":["","Intake API","POST /api/intakes"],"fullName":" Intake API POST /api/intakes should handle intake without lesson plan (optional)","status":"passed","title":"should handle intake without lesson plan (optional)","duration":27,"failureMessages":[]},{"ancestorTitles":["","Intake API","GET /api/intakes"],"fullName":" Intake API GET /api/intakes should return empty array when no intakes exist","status":"passed","title":"should return empty array when no intakes exist","duration":23,"failureMessages":[]},{"ancestorTitles":["","Intake API","GET /api/intakes"],"fullName":" Intake API GET /api/intakes should return all intakes","status":"passed","title":"should return all intakes","duration":67,"failureMessages":[]},{"ancestorTitles":["","Intake API","GET /api/intakes/:id"],"fullName":" Intake API GET /api/intakes/:id should return a specific intake","status":"passed","title":"should return a specific intake","duration":35,"failureMessages":[]},{"ancestorTitles":["","Intake API","GET /api/intakes/:id"],"fullName":" Intake API GET /api/intakes/:id should return 404 for non-existent intake","status":"passed","title":"should return 404 for non-existent intake","duration":23,"failureMessages":[]},{"ancestorTitles":["","Intake API","PUT /api/intakes/:id"],"fullName":" Intake API PUT /api/intakes/:id should update an intake","status":"passed","title":"should update an intake","duration":53,"failureMessages":[]},{"ancestorTitles":["","Intake API","PUT /api/intakes/:id"],"fullName":" Intake API PUT /api/intakes/:id should return 404 when updating non-existent intake","status":"passed","title":"should return 404 when updating non-existent intake","duration":22,"failureMessages":[]},{"ancestorTitles":["","Intake API","DELETE /api/intakes/:id"],"fullName":" Intake API DELETE /api/intakes/:id should delete an intake","status":"passed","title":"should delete an intake","duration":42,"failureMessages":[]},{"ancestorTitles":["","Intake API","DELETE /api/intakes/:id"],"fullName":" Intake API DELETE /api/intakes/:id should return 404 when deleting non-existent intake","status":"passed","title":"should return 404 when deleting non-existent intake","duration":18,"failureMessages":[]},{"ancestorTitles":["","Intake API","PATCH /api/intakes/:id/class-slots"],"fullName":" Intake API PATCH /api/intakes/:id/class-slots should update class slots","status":"passed","title":"should update class slots","duration":32,"failureMessages":[]},{"ancestorTitles":["","Intake API","POST /api/intakes/:id/regenerate"],"fullName":" Intake API POST /api/intakes/:id/regenerate should regenerate intake calendar","status":"passed","title":"should regenerate intake calendar","duration":36,"failureMessages":[]}],"startTime":1773393483010,"endTime":1773393483517,"status":"passed","message":"","name":"C:/Users/ckx/Documents/lesson-scheduler/backend/tests/intake.test.js"},{"assertionResults":[{"ancestorTitles":["","Lesson Plan API","POST /api/lesson-plans"],"fullName":" Lesson Plan API POST /api/lesson-plans should create a new lesson plan","status":"passed","title":"should create a new lesson plan","duration":29,"failureMessages":[]},{"ancestorTitles":["","Lesson Plan API","POST /api/lesson-plans"],"fullName":" Lesson Plan API POST /api/lesson-plans should return 500 if name is missing","status":"passed","title":"should return 500 if name is missing","duration":17,"failureMessages":[]},{"ancestorTitles":["","Lesson Plan API","GET /api/lesson-plans"],"fullName":" Lesson Plan API GET /api/lesson-plans should return empty array when no lesson plans exist","status":"passed","title":"should return empty array when no lesson plans exist","duration":20,"failureMessages":[]},{"ancestorTitles":["","Lesson Plan API","GET /api/lesson-plans"],"fullName":" Lesson Plan API GET /api/lesson-plans should return all lesson plans","status":"passed","title":"should return all lesson plans","duration":44,"failureMessages":[]},{"ancestorTitles":["","Lesson Plan API","GET /api/lesson-plans/:id"],"fullName":" Lesson Plan API GET /api/lesson-plans/:id should return a specific lesson plan","status":"passed","title":"should return a specific lesson plan","duration":46,"failureMessages":[]},{"ancestorTitles":["","Lesson Plan API","GET /api/lesson-plans/:id"],"fullName":" Lesson Plan API GET /api/lesson-plans/:id should return 404 for non-existent lesson plan","status":"passed","title":"should return 404 for non-existent lesson plan","duration":23,"failureMessages":[]},{"ancestorTitles":["","Lesson Plan API","PUT /api/lesson-plans/:id"],"fullName":" Lesson Plan API PUT /api/lesson-plans/:id should update a lesson plan","status":"passed","title":"should update a lesson plan","duration":37,"failureMessages":[]},{"ancestorTitles":["","Lesson Plan API","PUT /api/lesson-plans/:id"],"fullName":" Lesson Plan API PUT /api/lesson-plans/:id should return 404 when updating non-existent lesson plan","status":"passed","title":"should return 404 when updating non-existent lesson plan","duration":25,"failureMessages":[]},{"ancestorTitles":["","Lesson Plan API","DELETE /api/lesson-plans/:id"],"fullName":" Lesson Plan API DELETE /api/lesson-plans/:id should delete a lesson plan","status":"passed","title":"should delete a lesson plan","duration":43,"failureMessages":[]},{"ancestorTitles":["","Lesson Plan API","DELETE /api/lesson-plans/:id"],"fullName":" Lesson Plan API DELETE /api/lesson-plans/:id should return 404 when deleting non-existent lesson plan","status":"passed","title":"should return 404 when deleting non-existent lesson plan","duration":43,"failureMessages":[]}],"startTime":1773393483671,"endTime":1773393483999,"status":"passed","message":"","name":"C:/Users/ckx/Documents/lesson-scheduler/backend/tests/lessonPlan.test.js"}]}