{"numTotalTestSuites":9,"numPassedTestSuites":9,"numFailedTestSuites":0,"numPendingTestSuites":0,"numTotalTests":13,"numPassedTests":13,"numFailedTests":0,"numPendingTests":0,"numTodoTests":0,"startTime":1773376785228,"success":true,"testResults":[{"assertionResults":[{"ancestorTitles":["","Intake API","POST /api/intakes"],"fullName":" Intake API POST /api/intakes should create a new intake","status":"passed","title":"should create a new intake","duration":73,"failureMessages":[]},{"ancestorTitles":["","Intake API","POST /api/intakes"],"fullName":" Intake API POST /api/intakes should create intake with lesson plan reference","status":"passed","title":"should create intake with lesson plan reference","duration":52,"failureMessages":[]},{"ancestorTitles":["","Intake API","POST /api/intakes"],"fullName":" Intake API POST /api/intakes should handle intake without lesson plan (optional)","status":"passed","title":"should handle intake without lesson plan (optional)","duration":44,"failureMessages":[]},{"ancestorTitles":["","Intake API","GET /api/intakes"],"fullName":" Intake API GET /api/intakes should return empty array when no intakes exist","status":"passed","title":"should return empty array when no intakes exist","duration":37,"failureMessages":[]},{"ancestorTitles":["","Intake API","GET /api/intakes"],"fullName":" Intake API GET /api/intakes should return all intakes","status":"passed","title":"should return all intakes","duration":58,"failureMessages":[]},{"ancestorTitles":["","Intake API","GET /api/intakes/:id"],"fullName":" Intake API GET /api/intakes/:id should return a specific intake","status":"passed","title":"should return a specific intake","duration":53,"failureMessages":[]},{"ancestorTitles":["","Intake API","GET /api/intakes/:id"],"fullName":" Intake API GET /api/intakes/:id should return 404 for non-existent intake","status":"passed","title":"should return 404 for non-existent intake","duration":36,"failureMessages":[]},{"ancestorTitles":["","Intake API","PUT /api/intakes/:id"],"fullName":" Intake API PUT /api/intakes/:id should update an intake","status":"passed","title":"should update an intake","duration":52,"failureMessages":[]},{"ancestorTitles":["","Intake API","PUT /api/intakes/:id"],"fullName":" Intake API PUT /api/intakes/:id should return 404 when updating non-existent intake","status":"passed","title":"should return 404 when updating non-existent intake","duration":31,"failureMessages":[]},{"ancestorTitles":["","Intake API","DELETE /api/intakes/:id"],"fullName":" Intake API DELETE /api/intakes/:id should delete an intake","status":"passed","title":"should delete an intake","duration":58,"failureMessages":[]},{"ancestorTitles":["","Intake API","DELETE /api/intakes/:id"],"fullName":" Intake API DELETE /api/intakes/:id should return 404 when deleting non-existent intake","status":"passed","title":"should return 404 when deleting non-existent intake","duration":36,"failureMessages":[]},{"ancestorTitles":["","Intake API","PATCH /api/intakes/:id/class-slots"],"fullName":" Intake API PATCH /api/intakes/:id/class-slots should update class slots","status":"passed","title":"should update class slots","duration":47,"failureMessages":[]},{"ancestorTitles":["","Intake API","POST /api/intakes/:id/regenerate"],"fullName":" Intake API POST /api/intakes/:id/regenerate should regenerate intake calendar","status":"passed","title":"should regenerate intake calendar","duration":46,"failureMessages":[]}],"startTime":1773376905752,"endTime":1773376906377,"status":"passed","message":"","name":"C:/Users/ckx/Documents/lesson-material-scheduler/backend/tests/intake.test.js"}]}